[   0.00000] nitialzing cgroup susys cpuset
[    0.0000] Iitializing group subsys cpu
[   0.00000] Iitiaizig croup subsycpacct
    0.000000] Linx vrsion 4.4.0116-generi (build@lgw01-amd4-01) (cc version 5.4.0 2016069 Ubutu 5.40-ubuntu1~16.04.9) ) #40-Uuntu SMP Mon Febb 12 21:23:04 UTC 2018 (Ubuntu 4.4.0-116.140-generic 4.4.98)
[    0.000000] Command line: BOOT_IMAGE=/boot/vmlinuz-4.4.0-116-generic root=LABEL=cloudimg-rootfs ro console=tty1 console=ttyS0
[    0.000000] KERNEL supported cpus:
[    0.000000]   Intel GenuineIntel
[    0.000000]   AMD AuthenticAMD
[    0.000000]   Centaur CentaurHauls
[    0.000000] x86/fpu: xstate_offset[2]:  576, xstate_sizes[2]:  256
[    0.000000] x86/fpu: Supporting XSAVE feature 0x01: 'x87 floating point registers'
[    0.000000] x86/fpu: Supporting XSAVE feature 0x02: 'SSE registers'
[    0.000000] x86/fpu: Supporting XSAVE feature 0x04: 'AVX registers'
[    0.000000] x86/fpu: Enabled xstate features 0x7, context size is 832 bytes, using 'standard' format.
[    0.000000] x6/pu: Using 'lay'FPU conxtswites.
[   .00000] e820: IOS-provided physical RAM map
[    0.000000] BIOS-e820: [em 0x0000000000000000-0x000000000009fbff] usable
[    0.00000]BIOS-e820: [mem 0x000000000009fc00-0x000000000009ffff] reserved
[    0.000000] BOS-e820: [mm 0x000000000000000-0x00000000000fffff] reserved
[    0.000000] BIOS-e820: [mem 0x0000000000100000-0x000000003ffeffff] usable
[    0.000000] BIOS-820: [mem 0x000000003fff0000-0x000000003fffffff] ACPI data
[    0.0000]BIOS-e820: [mem 0x0000000fec00000-0x00000000fec00fff] reserved
[    0.000000] BIOS-e820: [mem 0x000000fee00000-0x00000000fee00fff] reserved
[    0.000000] BIOSe820: [mem 0x00000000fffc0000-0x00000000ffffffff] reserved
[    0.000000] NX (Execute Disable) protection: active
[    0.000000] SMBIOS 2.5 present.
[    0.000000] Hypervisor detected: KVM
[    0.000000] e820: last_pfn = 0x3fff0 max_arch_pfn = 0x400000000
[    0.000000] MTRR: Disabled
[    0.000000] x86/PA: TRRs disbled, skipping AT initialization too
[    0.00000] CPUMTRs allblan - virtualizedsystem.
[    0.000000] x86/PAT: Configuration [0-7]: WB  WT  UC- UC  WB  WT  UC UC  
[    0.000000] foundSMPMP-table t [mem 0x0009fff0-0x0009ffff] mapped t [fff8800009fff0]
[   0.000000] Scanning 1 areas for low meory crrpttion
[    0.000000] RAMDISK: [mem 0x36ac2000-0x37558fff]
[    0.000000] ACPI: Early table checksum verification disabled
[    0.000000] ACPI: RSDP 0x00000000000E0000 000024 (v02 VBOX  )
[    0.000000] ACPI: XSDT 0x000000003FFF0030 00003C (v01 VBOX   VBOXXSDT 00000001 ASL  00000061)
[    0.000000] ACPI: FACP 0x000000003FFF00F0 0000F4 (v04 VBOX   VBOXFACP 0000001 SL  0000061
    0.0000]ACPI: SDT0x00000003FFF047 0021F v02 VBOX   VBOXBIS 000002 INTL 210028)
[    .000000] ACPI: FAS x000000003FFF0200 000040
[    0.000000] ACPI: FACS 0x000000003FFF0200 000040
[    0.000000] ACPI: APIC 0x000000003FFF0240 00005C (v02 VBOX   VBOXAPIC 00000001 ASL  00000061)
[    0.000000] ACPI: SSDT 0x000000003FFF02A0 0001CC (v01 VBOX   VBOXCPUT 00000002 INTL 20100528)
[    0.000000] No NUMA configuration found
[    0.000000] Faking a node at [mem 0x0000000000000000-0x000000003ffeffff]
[    0.000000] NODE_DATA(0) allocated [mem 0x3ffeb000-0x3ffeffff]
[    0.000000] kvm-clock: Using msrs 4b564d01 and 4b564d00
[    0.000000] kvm-clock: cpu 0, msr 0:3ffe3001, primary cpu clock
[    0.000000] kvm-clock: using sched offset of 3261101001 cycles
[    0.000000] clocksource: kvm-clock: mask: 0xffffffffffffffff max_cycles: 0x1cd42e4dffb, max_idle_ns: 881590591483 ns
[    0.000000] Zone ranges:
[    0.000000]   DMA      [mem 0x0000000000001000-0x0000000000ffffff]
[    0.000000]   DMA32    [mem 0x0000000001000000-0x000000003ffeffff]
[    0.000000]   Normal   empty
[    0.000000]   Device   empty
[    0.000000] Movable zone start for each node
[    0.000000] Early memory node ranges
[    0.000000]   node   0: [mem 0x0000000000001000-0x000000000009efff]
[    0.000000]   node   0: [mem 0x0000000000100000-0x000000003ffeffff]
[    0.000000] Initmem setup node 0 [mem 0x0000000000001000-0x000000003ffeffff]
[    0.000000] ACPI: PM-Timer IO ort 0x408
[   0000000 IOPIC[0]: api_id 2, version 32, address 0xfec00000, GSI 0-23
[    0.0000]ACPI IN_SRC_OR bus 0 usirq0 global_irq 2 dfldfl)
   0.000000 API INT_SRC_OVR (bus 0 bus_irq 9 global_irq 9 low level)
[    0.000000] Using ACP (MADT) for SMP cofigurtion nformation
[    0.00000] smpbot: Allowing 2 CPUs, 0 hotplug CPUs
[    0.000000] PM: Registred noave memry:[mem x00000000x00000fff]
[    0.000000] PM: Registered nosave memory: [mem 0x0009f000-0x0009ffff]
[    0.000000] PM:Registered nosave memry: [mem 0x00a000-0x000efff]
[   0.00000] PM: Regstered nosave memory: [mem 0x00f000-0x000ffff]
[    0.000000] e820: mem 00000000-0xfebfffff] available for PCI devices
[    0.000000] Booting paravirtulied kernel on KVM
[   0.00000] locksource: refined-jifis:mask 0fffffff max_ccls: 0ffffffff mx_dle_ns: 7645519600211568 ns
[   0.0000] setup_percpu:NR_CPUS:512 nr_cpumask_bits:512 nr_cpuids:2 r_node_ids:1
[   0.000000 PERCPU: Embeded 4 pges/cpu @fff88003fc00000 s99544 r892 31528u104576
[   0.000000]PV spilock hash table entries: 256 (order: 0, 4096 bytes)
[    0.000000] Built 1 zonelists in Node order, mobility grouping on.  Total pages: 257913
[    0.000000] Policy zone: DMA32
[    0.000000] Kernel command line: BOOT_IMAGE=/boot/vmlinuz-4.4.0-116-generic root=LABEL=cloudimg-rootfs ro console=tty1 console=ttyS0
[    0.000000] PID hash table entries: 4096 (order: 3, 32768 bytes)
[    0.000000] Memory: 1001688K/1048120K available (8530K kernel code, 1309K rwdata, 3992K rodata, 1508K init, 1316K bss, 46432K reserved, 0K cma-reserved)
[    0.000000] SLUB: HWalign=64, Order=0-3, MinObjects=0, CPUs=2, Nodes=1
[    0.000000] Kernel/User page tables isolation: enabled
[    0.000000] Hierarchical RCU implementation.
[    0.000000] 	Build-time adjustment of leaf fanout to 64.
[    0.000000] 	RCU restricting CPUs from NR_CPUS=512 to nr_cpu_ids=2.
[    0.000000] RCU: Adjusting geometry for rcu_fanout_leaf=64, nr_cpu_ids=2
[    0.000000] R_IRQ:33024 nr_irq:440 16
[    0.000000] Console: colour VGA+80x25
[    0.00000] onsole tt1]enableed[    0000000] console[ttyS0] naled[    0.000000] tsc: Detected 2303.998 MHz processor
[    5.685361]] Calibrating delay loop (skipped) preset value.. 4607.99 BogoMIPS (lpj=9215992)
[    5.729571] pid_max: default: 32768 minimum: 301
[    5.765925] ACPI: Core revision 20150930
[    5.791050] ACPI: 2 ACPI AML tables successfully acquired and loaded
[    5.796692] Security Framework initialized
[    5.828941] Yama: becoming mindful.
[    5.847009] AppArmor: AppArmor initialized
[    5.869072] Dentry cache hash table entries: 131072 (order: 8, 1048576 bytes)
[    5.927374] Inode-cache hash table entries: 65536 (order: 7, 524288 bytes)
[    5.973110] Mount-cache hash table entries: 2048 (order: 2, 16384 bytes)
[    6.028641] Mountpoint-cache hash table entries: 2048 (order: 2, 16384 bytes)
[    6.073595] Initializing cgroup subsys io
[    6.109882] Initializing cgroup subsys memory
[    6.137431] Initializing cgroup subsys devices
[    6.178243] Initializing cgroup subsys freezer
[    6.219298] Initializing cgroup subsys net_cls
[    6.252450] Initializing cgroup subsys perf_event
[    6.287812] Initializing cgroup subsys net_prio
[    6.326261] Initializing cgroup subsys hugetlb
[    6.363848] Initializing cgroup subsys pids
[    6.396122] CPU: Physical Processor ID: 0
[    6.420650] CPU: Processor Core ID: 0
[    6.444949] FEATURE SPEC_CTRL Not Present
[    6.482465] mce: CPU supports 0 MCE banks
[    6.498052] Last level iTLB entries: 4KB 64, 2MB 8, 4MB 8
[    6.542413] Last level dTLB entries: 4KB 64, 2MB 0, 4MB 0, 1GB 4
[    6.565241] Spectre V2 mitigation: Mitigation: Full generic retpoline
[    6.609499] Spectre V2 mitigation: Speculation control IBPB not-supported IBRS not-supported
[    6.651954] Freeing SMP alternatives memory: 32K
[    6.667355] ftrace: allocating 32186 entries in 126 pages
[    6.783877] smpboot: APIC(0) Converting physical 0 to logical package 0
[    6.793801] smpboot: Max logical packages: 1
[    6.795423] x2apic enabled
[    6.798123] Switched APIC routing to physical x2apic.
[    6.806650] ..TIMER: vector=0x30 apic1=0 pin1=2 apic2=-1 pin2=-1
[    6.921545] smpboot: CPU0: Intel(R) Core(TM) i5-7360U CPU @ 2.30GHz (family: 0x6, model: 0x8e, stepping: 0x9)
[    7.018419] Performance Events: unsupported p6 CPU model 142 no PMU driver, software events only.
[    7.094941] KVM setup paravirtual spinlock
[    7.148586] x86: Booting SMP configuration:
[    7.170872] .... node  #0, CPUs:      #1
[    7.204456] kvm-clock: cpu 1, msr 0:3ffe3041, secondary cpu clock
[    7.307355] mce: CPU supports 0 MCE banks
[    7.369728] x86: Booted up 1 node, 2 CPUs
[    7.398578] smpboot: Total of 2 processors activated (9215.99 BogoMIPS)
[    7.459254] devtmpfs: initialized
[    7.491513] evm: security.selinux
[    7.502613] evm: security.SMACK64
[    7.531951] evm: security.SMACK64EXEC
[    7.567449] evm: security.SMACK64TRANSMUTE
[    7.595806] evm: security.SMACK64MMAP
[    7.599970] evm: security.ima
[    7.603720] evm: security.capability
[    7.616323] clocksource: jiffies: mask: 0xffffffff max_cycles: 0xffffffff, max_idle_ns: 7645041785100000 ns
[    7.695123] futex hash table entries: 512 (order: 3, 32768 bytes)
[    7.726997] pinctrl core: initialized pinctrl subsystem
[    7.766993] RTC time: 10:47:57, date: 03/22/18
[    7.789277] NET: Registered protocol family 16
[    7.802797] cpuidle: using governor ladder
[    7.819830] cpuidle: using governor menu
[    7.844724] PCCT header not found.
[    7.865917] ACPI: bus type PCI registered
[    7.891191] acpiphp: ACPI Hot Plug PCI Controller Driver version: 0.5
[    7.931542] PCI: Using configuration type 1 for base access
[    7.983696] ACPI: Added _OSI(Module Device)
[    8.010721] ACPI: Added _OSI(Processor Device)
[    8.052651] ACPI: Added _OSI(3.0 _SCP Extensions)
[    8.087741] ACPI: Added _OSI(Processor Aggregator Device)
[    8.173730] ACPI: Executed 1 blocks of module-level executable AML code
[    8.270522] ACPI: Interpreter enabled
[    8.274889] ACPI: (supports S0 S5)
[    8.277991] ACPI: Using IOAPIC for interrupt routing
[    8.280900] PCI: Using host bridge windows from ACPI; if necessary, use "pci=nocrs" and report a bug
[    8.302136] ACPI: PCI Root Bridge [PCI0] (domain 0000 [bus 00-ff])
[    8.307934] acpi PNP0A03:00: _OSC: OS supports [ASPM ClockPM Segments MSI]
[    8.314106] acpi PNP0A03:00: _OSC: not requesting OS control; OS requires [ExtendedConfig ASPM ClockPM MSI]
[    8.326191] acpi PNP0A03:00: fail to add MMCONFIG information, can't access extended PCI configuration space under this bridge.
[    8.338404] PCI host bridge to bus 0000:00
[    8.341760] pci_bus 0000:00: root bus resource [io  0x0000-0x0cf7 window]
[    8.349891] pci_bus 0000:00: root bus resource [io  0x0d00-0xffff window]
[    8.356070] pci_bus 0000:00: root bus resource [mem 0x000a0000-0x000bffff window]
[    8.368789] pci_bus 0000:00: root bus resource [mem 0x40000000-0xfdffffff window]
[    8.373088] pci_bus 0000:00: root bus resource [bus 00-ff]
[    8.378289] pci 0000:00:01.1: legacy IDE quirk: reg 0x10: [io  0x01f0-0x01f7]
[    8.392836] pci 0000:00:01.1: legacy IDE quirk: reg 0x14: [io  0x03f6]
[    8.404176] pci 0000:00:01.1: legacy IDE quirk: reg 0x18: [io  0x0170-0x0177]
[    8.425272] pci 0000:00:01.1: legacy IDE quirk: reg 0x1c: [io  0x0376]
[    8.448952] pci 0000:00:07.0: quirk: [io  0x4000-0x403f] claimed by PIIX4 ACPI
[    8.461628] pci 0000:00:07.0: quirk: [io  0x4100-0x410f] claimed by PIIX4 SMB
[    8.481145] ACPI: PCI Interrupt Link [LNKA] (IRQs 5 9 10 *11)
[    8.492097] ACPI: PCI Interrupt Link [LNKB] (IRQs 5 9 *10 11)
[    8.500785] ACPI: PCI Interrupt Link [LNKC] (IRQs 5 *9 10 11)
[    8.503068] ACPI: PCI Interrupt Link [LNKD] (IRQs 5 9 10 *11)
[    8.506297] ACPI: Enabled 2 GPEs in block 00 to 07
[    8.510375] vgaarb: setting as boot device: PCI:0000:00:02.0
[    8.515319] vgaarb: device added: PCI:0000:00:02.0,decodes=io+mem,owns=io+mem,locks=none
[    8.527241] vgaarb: loaded
[    8.529253] vgaarb: bridge control possible 0000:00:02.0
[    8.537642] SCSI subsystem initialized
[    8.541168] ACPI: bus type USB registered
[    8.549923] usbcore: registered new interface driver usbfs
[    8.552429] usbcore: registered new interface driver hub
[    8.558131] usbcore: registered new device driver usb
[    8.562012] PCI: Using ACPI for IRQ routing
[    8.569077] NetLabel: Initializing
[    8.572229] NetLabel:  domain hash size = 128
[    8.575631] NetLabel:  protocols = UNLABELED CIPSOv4
[    8.581389] NetLabel:  unlabeled traffic allowed by default
[    8.586309] amd_nb: Cannot enumerate AMD northbridges
[    8.590127] clocksource: Switched to clocksource kvm-clock
[    8.614603] AppArmor: AppArmor Filesystem Enabled
[    8.619217] pnp: PnP ACPI init
[    8.622981] pnp: PnP ACPI: found 3 devices
[    8.636132] clocksource: acpi_pm: mask: 0xffffff max_cycles: 0xffffff, max_idle_ns: 2085701024 ns
[    8.641654] NET: Registered protocol family 2
[    8.646516] TCP established hash table entries: 8192 (order: 4, 65536 bytes)
[    8.651431] TCP bind hash table entries: 8192 (order: 5, 131072 bytes)
[    8.658481] TCP: Hash tables configured (established 8192 bind 8192)
[    8.664609] UDP hash table entries: 512 (order: 2, 16384 bytes)
[    8.670426] UDP-Lite hash table entries: 512 (order: 2, 16384 bytes)
[    8.675380] NET: Registered protocol family 1
[    8.685035] pci 0000:00:00.0: Limiting direct PCI/PCI transfers
[    8.693013] pci 0000:00:01.0: Activating ISA DMA hang workarounds
[    8.710254] Unpacking initramfs...
[   11.627268] Freeing initrd memory: 10844K
[   11.670491] platform rtc_cmos: registered platform RTC device (no PNP device found)
[   11.686558] Scanning for low memory corruption every 60 seconds
[   11.709265] audit: initializing netlink subsys (disabled)
[   11.719397] audit: type=2000 audit(1521715678.205:1): initialized
[   11.726428] Initialise system trusted keyring
[   11.731311] HugeTLB registered 2 MB page size, pre-allocated 0 pages
[   11.740390] zbud: loaded
[   11.745654] VFS: Disk quotas dquot_6.6.0
[   11.750058] VFS: Dquot-cache hash table entries: 512 (order 0, 4096 bytes)
[   11.759538] squashfs: version 4.0 (2009/01/31) Phillip Lougher
[   11.763764] fuse init (API version 7.23)
[   11.770493] Key type big_key registered
[   11.775946] Allocating IMA MOK and blacklist keyrings.
[   11.788480] Key type asymmetric registered
[   11.791830] Asymmetric key parser 'x509' registered
[   11.794333] Block layer SCSI generic (bsg) driver version 0.4 loaded (major 249)
[   11.799792] io scheduler noop registered
[   11.803114] io scheduler deadline registered (default)
[   11.806785] io scheduler cfq registered
[   11.813566] pci_hotplug: PCI Hot Plug PCI Core version: 0.5
[   11.817254] pciehp: PCI Express Hot Plug Controller Driver version: 0.4
[   11.825881] ACPI: AC Adapter [AC] (on-line)
[   11.829436] input: Power Button as /devices/LNXSYSTM:00/LNXPWRBN:00/input/input0
[   11.843533] ACPI: Power Button [PWRF]
[   11.852321] input: Sleep Button as /devices/LNXSYSTM:00/LNXSLPBN:00/input/input1
[   11.860851] ACPI: Sleep Button [SLPF]
[   11.864534] GHES: HEST is not enabled!
[   11.868994] Serial: 8250/16550 driver, 32 ports, IRQ sharing enabled
[   11.897386] 00:02: ttyS0 at I/O 0x3f8 (irq = 4, base_baud = 115200) is a 16550A
[   11.907973] Linux agpgart interface v0.103
[   11.916276] loop: module loaded
[   11.920630] scsi host0: ata_piix
[   11.923096] scsi host1: ata_piix
[   11.929565] ata1: PATA max UDMA/33 cmd 0x1f0 ctl 0x3f6 bmdma 0xd000 irq 14
[   11.943473] ata2: PATA max UDMA/33 cmd 0x170 ctl 0x376 bmdma 0xd008 irq 15
[   11.948782] libphy: Fixed MDIO Bus: probed
[   11.952096] tun: Universal TUN/TAP device driver, 1.6
[   11.964318] tun: (C) 1999-2004 Max Krasnyansky <maxk@qualcomm.com>
[   11.969308] PPP generic driver version 2.4.2
[   11.971948] ehci_hcd: USB 2.0 'Enhanced' Host Controller (EHCI) Driver
[   11.984391] ehci-pci: EHCI PCI platform driver
[   11.988891] ehci-platform: EHCI generic platform driver
[   11.994669] ohci_hcd: USB 1.1 'Open' Host Controller (OHCI) Driver
[   11.999381] ohci-pci: OHCI PCI platform driver
[   12.003900] ohci-platform: OHCI generic platform driver
[   12.006340] uhci_hcd: USB Universal Host Controller Interface driver
[   12.013552] i8042: PNP: PS/2 Controller [PNP0303:PS2K,PNP0f03:PS2M] at 0x60,0x64 irq 1,12
[   12.024250] serio: i8042 KBD port at 0x60,0x64 irq 1
[   12.029894] serio: i8042 AUX port at 0x60,0x64 irq 12
[   12.040213] mousedev: PS/2 mouse device common for all mice
[   12.044742] input: AT Translated Set 2 keyboard as /devices/platform/i8042/serio0/input/input2
[   12.059807] rtc_cmos rtc_cmos: rtc core: registered rtc_cmos as rtc0
[   12.069184] rtc_cmos rtc_cmos: alarms up to one day, 114 bytes nvram
[   12.7460 i /v ntie divr[   12.478553] device-mapper: uevet: verion 1.0.3
[   12.70592]ts: Refind SC cocsorce calbratin:233.11MH

[   12.67094 cocksure: tsc: mask: 0xfffffffffffff max_cycle: 0x2132b48aa5c, max_idle_ns: 440795205801 n

[   13.698335] device-mapper: ioctl: 4.34.0-ioctl (2015-10-28) initialised: dm-devel@redhat.com
[   13.730884] ledtrig-cpu: registered to indicate activity on CPUs
[[  13.764081] NET: Registered protocol family 10
[   13.779354] NET: Registered protocol family 17
[   13.802739] Key type dns_resolver registered
[   13.831916] microcode: CPU0 sig=0x806e9, pf=0x2, revision=0x0
[   13.860049] microcode: CPU1 sig=0x806e9, pf=0x2, revision=0x0
[   13.864942] microcode: Microcode Update Driver: v2.01 <tigran@aivazian.fsnet.co.uk>, Peter Oruba
[   13.915615] registered taskstats version 1
[   .93013] Ladig compild-i X.509 crtificates
[   14.156632] Loaded X.59 cert 'Build time autogenerated kernel key: aa84f01984fbd529c105810b59e379d349698248'
[   14.528012] zswap: loaded using pool lzo/zbud
[   14.631255] hrtimer: interrupt took 72657470 ns
[   14.661128] Key type trusted registered
[   14.690706] Key type encrypted registered
[   14.716803] AppArmor: AppArmor sha1 policy hashing enabled
[   14.750604] ima: No TPM chip found, activating TPM-bypass!
[   14.786473] evm: HMAC attrs: 0x1
[   14.804773]   Magic number: 10:928:780
[   14.820275] rtc_cmos rtc_cmos: setting system clock to 2018-03-22 10:48:04 UTC (1521715684)
[   14.860553] BIOS EDD facility v0.16 2004-Jun-25, 0 devices found
[   14.879501] EDD information not available.
[   14.905760] Freeing unused kernel memory: 1508K
[   14.922288] Write protecting the kernel read-only data: 14336k
[   14.929224] Freeing unused kernel memory: 1700K
[   14.959629] Freeing unused kernel memory: 104K
Loading, please wait...
starting version[   14.988927] random: systemd-udevd: uninitialized urandom read (16 bytes read, 7 bits of entropy available)
 229
[   14.989573] random: udevadm: uninitialized urandom read (16 bytes read, 7 bits of entropy available)
[   14.989595] random: udevadm: uninitialized urandom read (16 bytes read, 7 bits of entropy available)
[   15.000490] random: udevadm: uninitialized urandom read (16 bytes read, 7 bits of entropy available)
[   15.000536] random: udevadm: uninitialized urandom read (16 bytes read, 7 bits of entropy available)
[   15.000684] random: udevadm: uninitialized urandom read (16 bytes read, 7 bits of entropy available)
[   15.000743] random: udevadm: uninitialized urandom read (16 bytes read, 7 bits of entropy available)
[   15.000798] random: udevadm: uninitialized urandom read (16 bytes read, 7 bits of entropy available)
[   15.000852] random: udevadm: uninitialized urandom read (16 bytes read, 7 bits of entropy available)
[   15.000906] random: udevadm: uninitialized urandom read (16 bytes read, 7 bits of entropy available)
[   15.928075] e1000: Intel(R) PRO/1000 Network Driver - version 7.3.21-k8-NAPI
[   16.044402] e1000: Copyright (c) 1999-2006 Intel Corporation.
[   16.044476] Fusion MPT base driver 3.04.20
[   16.044477] Copyright (c) 1999-2008 LSI Corporation
[   16.292608] AVX2 version of gcm_enc/dec engaged.
[   16.316689] AES CTR mode by8 optimization enabled
[   16.328423] Fusion MPT SPI Host driver 3.04.20
[   16.574047] input: ImExPS/2 Generic Explorer Mouse as /devices/platform/i8042/serio1/input/input4
[   16.708171] e1000 0000:00:03.0 eth0: (PCI:33MHz:32-bit) 02:ec:c5:86:c8:d5
[   16.729641] e1000 0000:00:03.0 eth0: Intel(R) PRO/1000 Network Connection
[   17.290136] e1000 0000:00:08.0 eth1: (PCI:33MHz:32-bit) 08:00:27:45:35:51
[   17.350819] e1000 0000:00:08.0 eth1: Intel(R) PRO/1000 Network Connection
[   17.424017] e1000 0000:00:03.0 enp0s3: renamed from eth0
[   17.437555] mptbase: ioc0: Initiating bringup
[   17.443344] e1000 0000:00:08.0 enp0s8: renamed from eth1
[   17.571162] ioc0: LSI53C1030 A0: Capabilities={Initiator}
[   17.740333] scsi host2: ioc0: LSI53C1030 A0, FwRev=00000000h, Ports=1, MaxQ=256, IRQ=20
[   17.890736] scsi 2:0:0:0: Direct-Access     VBOX     HARDDISK         1.0  PQ: 0 ANSI: 5
[   18.375364] scsi target2:0:0: Beginning Domain Validation
[   18.412332] scsi target2:0:0: Domain Validation skipping write tests
[   19.142539] scsi target2:0:0: Ending Domain Validation
[   19.339361] floppy0: no floppy controllers found
[   19.342147] scsi target2:0:0: asynchronous
[   19.395296] scsi 2:0:1:0: Direct-Access     VBOX     HARDDISK         1.0  PQ: 0 ANSI: 5
[   19.422851] scsi target2:0:1: Beginning Domain Validation
[   19.522048] scsi target2:0:1: Domain Validation skipping write tests
[   19.534060] scsi target2:0:1: Ending Domain Validation
[   19.539971] scsi target2:0:1: asynchronous
[   19.559509] sd 2:0:0:0: Attached scsi generic sg0 type 0
[   19.565302] sd 2:0:0:0: [sda] 20971520 512-byte logical blocks: (10.7 GB/10.0 GiB)
[   19.573878] sd 2:0:1:0: Attached scsi generic sg1 type 0
[   19.574228] sd 2:0:1:0: [sdb] 20480 512-byte logical blocks: (10.5 MB/10.0 MiB)
[   19.574664] sd 2:0:1:0: [sdb] Write Protect is off
[   19.575957] sd 2:0:1:0: [sdb] Incomplete mode parameter data
[   19.575958] sd 2:0:1:0: [sdb] Assuming drive cache: write through
[   19.577172] sd 2:0:0:0: [sda] Write Protect is off
[   19.577818] sd 2:0:0:0: [sda] Incomplete mode parameter data
[   19.577820] sd 2:0:0:0: [sda] Assuming drive cache: write through
[   19.591810]  sda: sda1
[   19.592859] sd 2:0:1:0: [sdb] Attached SCSI disk
[   19.594895] sd 2:0:0:0: [sda] Attached SCSI disk
Begin: Loading e[   21.187446] md: linear personality registered for level -1
ssential drivers[   21.199592] md: multipath personality registered for level -4
 ... [   21.221039] md: raid0 personality registered for level 0
[   21.233288] md: raid1 personality registered for level 1
[   21.330174] raid6: sse2x1   gen()  3871 MB/s
[   21.402199] raid6: sse2x1   xor()  2953 MB/s
[   21.478150] raid6: sse2x2   gen()  5126 MB/s
[   21.550216] raid6: sse2x2   xor()  3722 MB/s
[   21.626154] raid6: sse2x4   gen()  5473 MB/s
[   21.698162] raid6: sse2x4   xor()  3590 MB/s
[   21.774240] raid6: avx2x1   gen()  7877 MB/s
[   21.846209] raid6: avx2x2   gen()  9172 MB/s
[   21.918151] raid6: avx2x4   gen() 10001 MB/s
[   21.920437] raid6: using algorithm avx2x4 gen() 10001 MB/s
[   21.926293] raid6: using avx2x2 recovery algorithm
[   21.936571] xor: automatically using best checksumming function:
[   22.010166]    avx       :  9505.000 MB/sec
[   22.058680] async_tx: api initialized (async)
[   22.079321] md: raid6 personality registered for level 6
[   22.093722] md: raid5 personality registered for level 5
[   22.096264] md: raid4 personality registered for level 4
[   22.110080] md: raid10 personality registered for level 10
done.
Begin: Running /scripts/init-premount ... done.[   22.162833] Btrfs loaded

Begin: Mounting root file system ... Begin: Running /scripts/local-top ... done.
Begin: Running /scripts/local-premount ... Scanning for Btrfs filesystems
do[   22.249198] EXT4-fs (sda1): mounted filesystem with ordered data mode. Opts: (null)
ne.
Warning: fsck not present, so skipping root file system
done.
Begin: Running /scripts/local-bottom ... done.
Begin: Running /scripts/init-bottom ... done.
[   22.328787] systemd[1]: systemd 229 running in system mode. (+PAM +AUDIT +SELINUX +IMA +APPARMOR +SMACK +SYSVINIT +UTMP +LIBCRYPTSETUP +GCRYPT +GNUTLS +ACL +XZ -LZ4 +SECCOMP +BLKID +ELFUTILS +KMOD -IDN)
[   22.346726] systemd[1]: Detected virtualization oracle.
[   22.350190] systemd[1]: Detected architecture x86-64.

Welcome to [1mUbuntu 16.04.4 LTS[0m!

[   22.370566] systemd[1]: Set hostname to <ubuntu>.
[   22.377822] systemd[1]: Initializing machine ID from random generator.
[   22.386505] systemd[1]: Installed transient /etc/machine-id file.
[   22.506992] systemd[1]: Created slice User and Session Slice.
[[0;32m  OK  [0m] Created slice User and Session Slice.
[   22.538397] systemd[1]: Listening on Journal Socket.
[[0;32m  OK  [0m] Listening on Journal Socket.
[   22.566949] systemd[1]: Listening on Journal Audit Socket.
[[0;32m  OK  [0m] Listening on Journal Audit Socket.
[   22.598446] systemd[1]: Listening on LVM2 poll daemon socket.
[[0;32m  OK  [0m] Listening on LVM2 poll daemon socket.
[   22.638398] systemd[1]: Started Trigger resolvconf update for networkd DNS.
[[0;32m  OK  [0m] Started Trigger resolvconf update for networkd DNS.
[   22.686930] systemd[1]: Set up automount Arbitrary Executable File Formats File System Automount Point.
[[0;32m  OK  [0m] Set up automount Arbitrary Executab...ats File System Automount Point.
[   22.770746] systemd[1]: Listening on Device-mapper event daemon FIFOs.
[[0;32m  OK  [0m] Listening on Device-mapper event daemon FIFOs.
[   22.798836] systemd[1]: Listening on udev Kernel Socket.
[[0;32m  OK  [0m] Listening on udev Kernel Socket.
[   22.818823] systemd[1]: Reached target Encrypted Volumes.
[[0;32m  OK  [0m] Reached target Encrypted Volumes.
[   22.846552] systemd[1]: Listening on Syslog Socket.
[[0;32m  OK  [0m] Listening on Syslog Socket.
[   22.866380] systemd[1]: Listening on Journal Socket (/dev/log).
[[0;32m  OK  [0m] Listening on Journal Socket (/dev/log).
[   22.915296] systemd[1]: Created slice System Slice.
[[0;32m  OK  [0m] Created slice System Slice.
[   22.942258] systemd[1]: Starting Nameserver information manager...
         Starting Nameserver information manager...
[   22.990284] systemd[1]: Starting Create list of required static device nodes for the current kernel...
         Starting Create list of required st... nodes for the current kernel...
[   23.031874] systemd[1]: Reached target Slices.
[[0;32m  OK  [0m] Reached target Slices.
[   23.063163] systemd[1]: Created slice system-serial\x2dgetty.slice.
[[0;32m  OK  [0m] Created slice system-serial\x2dgetty.slice.
[   23.102295] systemd[1]: Mounting Debug File System...
         Mounting Debug File System...
[   23.132237] systemd[1]: Starting Remount Root and Kernel File Systems...
[   23.132985] random: nonblocking pool is initialized
[   23.135644] EXT4-fs (sda1): re-mounted. Opts: (null)
         Starting Remount Root and Kernel File Systems...
[   23.182357] systemd[1]: Mounting Huge Pages File System...
         Mounting Huge Pages File System...
[   23.204093] systemd[1]: Starting Journal Service...
         Starting Journal Service...
[   23.239062] systemd[1]: Starting Set console keymap...
         Starting Set console keymap...
[   23.299622] systemd[1]: Starting Load Kernel Modules...
         Starting Load Kernel Modules...
[   23.331085] systemd[1]: Starting Uncomplicated firewall...
         Starting Uncomplicated firewall...
[   23.360766] Loading iSCSI transport class v2.0-870.
[   23.603241] systemd[1]: Started Forward Password Requests to Wall Directory Watch.
[[0;32m  OK  [[   23.615076] iscsi: registered transport (tcp)
0m] Started Forward Password Requests to Wall Directory Watch.
[   23.662234] iscsi: registered transport (iser)
[   23.662362] systemd[1]: Listening on udev Control Socket.
[[0;32m  OK  [0m] Listening on udev Control Socket.
[   23.758783] systemd[1]: Reached target Swap.
[[0;32m  OK  [0m] Reached target Swap.
[   23.786379] systemd[1]: Listening on LVM2 metadata daemon socket.
[[0;32m  OK  [0m] Listening on LVM2 metadata daemon socket.
[   23.834266] systemd[1]: Starting Monitoring of LVM2 mirrors, snapshots etc. using dmeventd or progress polling...
         Starting Monitoring of LVM2 mirrors... dmeventd or progress polling...
[   23.876624] systemd[1]: Reached target User and Group Name Lookups.
[[0;32m  OK  [0m] Reached target User and Group Name Lookups.
[   23.914225] systemd[1]: Mounting POSIX Message Queue File System...
         Mounting POSIX Message Queue File System...
[   23.938402] systemd[1]: Listening on /dev/initctl Compatibility Named Pipe.
[[0;32m  OK  [0m] Listening on /dev/initctl Compatibility Named Pipe.
[   23.967245] systemd[1]: Mounted Huge Pages File System.
[[0;32m  OK  [0m] Mounted Huge Pages File System.
[   24.002388] systemd[1]: Mounted POSIX Message Queue File System.
[[0;32m  OK  [0m] Mounted POSIX Message Queue File System.
[   24.022357] systemd[1]: Mounted Debug File System.
[[0;32m  OK  [0m] Mounted Debug File System.
[   24.042492] systemd[1]: Started Journal Service.
[[0;32m  OK  [0m] Started Journal Service.
[[0;32m  OK  [0m] Started Create list of required sta...ce nodes for the current kernel.
[[0;32m  OK  [0m] Started Remount Root and Kernel File Systems.
[[0;32m  OK  [0m] Started Set console keymap.
[[0;32m  OK  [0m] Started Load Kernel Modules.
[[0;32m  OK  [0m] Started Uncomplicated firewall.
[[0;32m  OK  [0m] Started Nameserver information manager.
[[0;32m  OK  [0m] Started LVM2 metadata daemon.
         Starting Apply Kernel Variables...
         Mounting FUSE Control File System...
         Starting Load/Save Random Seed...
         Starting udev Coldplug all Devices...
         Starting Initial cloud-init job (pre-networking)...
         Starting Create Static Device Nodes in /dev...
         Starting Flush Journal to Persistent Storage...
[[0;32m  OK  [0m] Mounted FUSE Control File System.
[[0;32m  OK  [0m] Started Apply Kernel Variables.
[[0;32m  OK  [0m] Started Load/Save Random Seed.
[[0;32m  OK  [0m] Started Create Static Device Nodes in /dev.
[[0;32m  OK  [0m] Started udev Coldplug all Devices.
[[0;32m  OK  [0m] Started Flush Journal to Persistent Storage.
         Starting udev Kernel Device Manager...
[[0;32m  OK  [0m] Started Monitoring of LVM2 mirrors,...ng dmeventd or progress polling.
[[0;32m  OK  [0m] Started udev Kernel Device Manager.
[[0;32m  OK  [0m] Started Dispatch Password Requests to Console Directory Watch.
[[0;32m  OK  [0m] Reached target Local File Systems (Pre).
[[0;32m  OK  [0m] Reached target Local File Systems.
         Starting Commit a transient machine-id on disk...
         Starting Tell Plymouth To Write Out Runtime Data...
         Starting Create Volatile Files and Directories...
         Starting Set console font and keymap...
         Starting LSB: AppArmor initialization...
[[0;32m  OK  [0m] Started Commit a transient machine-id on disk.
[[0;32m  OK  [0m] Started Tell Plymouth To Write Out Runtime Data.
[[0;32m  OK  [0m] Started Create Volatile Files and Directories.
[[0;32m  OK  [0m] Reached target System Time Synchronized.
         Starting Update UTMP about System Boot/Shutdown...
[[0;32m  OK  [0m] Found device /dev/ttyS0.
[[0;32m  OK  [0m] Started Update UTMP about System Boot/Shutdown.
[[0;32m  OK  [0m] Listening on Load/Save RF Kill Switch Status /dev/rfkill Watch.
[   18.785118] cloud-init[455]: Cloud-init v. 17.2 running 'init-local' at Thu, 22 Mar 2018 10:48:14 +0000. Up 17.63 seconds.
[[0;32m  OK  [0m] Started Set console font and keymap.
[[0;32m  OK  [0m] Started Initial cloud-init job (pre-networking).
[[0;32m  OK  [0m] Reached target Network (Pre).
[[0;32m  OK  [0m] Created slice system-getty.slice.
[[0;32m  OK  [0m] Started LSB: AppArmor initialization.
         Starting Raise network interfaces...
[[0;32m  OK  [0m] Started Raise network interfaces.
         Starting Initial cloud-init job (metadata service crawler)...
[[0;32m  OK  [0m] Reached target Network.
[   22.546565] cloud-init[933]: Cloud-init v. 17.2 running 'init' at Thu, 22 Mar 2018 10:48:18 +0000. Up 21.50 seconds.
[   22.579677] cloud-init[933]: ci-info: ++++++++++++++++++++++++++++++++++++++Net device info++++++++++++++++++++++++++++++++++++++
[   22.616419] [cloud-init[0;32m  OK  [0m[933]: ] ci-info: +--------+-------+----------------------------+---------------+-------+-------------------+Started Initial cloud-init job (metadata service crawler).

[   22.711608] [cloud-init[0;32m  OK  [0m[933]: ] ci-info: | Device |   Up  |          Address           |      Mask     | Scope |     Hw-Address    |Reached target Cloud-config availability.

[[0;32m  OK  [0m] Reached target System Initialization.
[   22.712050] cloud-init[933]: ci-info: +--------+-------+----------------------------+---------------+-------+-------------------+
[[0;32m  OK  [0m] Started ACPI Events Check.
[[0;32m  OK  [0m] Reached target Paths.
[[0;32m  OK  [0m] Listening on ACPID Listen Socket.
[[0;32m  OK  [0m] Started Timer to automatically refresh installed snaps.
[[0;32m  OK  [0m] Listening on UUID daemon activation socket.
[[0;32m  OK  [0m] Started Daily Cleanup of Temporary Directories.
[   22.744605] cloud-init[933]: ci-info: | enp0s3 |  True |         10.0.2.15          | 255.255.255.0 |   .   | 02:ec:c5:86:c8:d5 |
[   22.815425] cloud-init[933]: ci-info: | enp0s3 |  True | fe80::ec:c5ff:fe86:c8d5/64 |       .       |  link | 02:ec:c5:86:c8:d5 |
[   22.840297] cloud-init[933]: ci-info: | enp0s8 | False |             .              |       .       |   .   | 08:00:27:45:35:51 |
[   22.876334] cloud-init[933]: ci-info: |   lo   |  True |         127.0.0.1          |   255.0.0.0   |   .   |         .         |
[   22.908289] cloud-init[933]: ci-info: |   lo   |  True |          ::1/128           |       .       |  host |         .         |
[   22.936385] cloud-init[933]: ci-info: +--------+-------+----------------------------+---------------+-------+-------------------+
[   22.980362] cloud-init[933]: ci-info: +++++++++++++++++++++++++++Route IPv4 info++++++++++++++++++++++++++++
[   22.998278] cloud-init[933]: ci-info: +-------+-------------+----------+---------------+-----------+-------+
[   23.012952] cloud-init[933]: ci-info: | Route | Destination | Gateway  |    Genmask    | Interface | Flags |
[   23.034075] cloud-init[933]: ci-info: +-------+-------------+----------+---------------+-----------+-------+
         Starting LXD - unix socket.
[[0;32m  OK  [0m] Listening on D-Bus System Message Bus Socket.
[[0;32m  OK  [0m] Started Daily apt download activities.
[   23.050126] cloud-init[933]: ci-info: |   0   |   0.0.0.0   | 10.0.2.2 |    0.0.0.0    |   enp0s3  |   UG  |
[   23.091060] cloud-init[933]: ci-info: |   1   |   10.0.2.0  | 0.0.0.0  | 255.255.255.0 |   enp0s3  |   U   |
[[0;32m  OK  [0m] Started Daily apt upgrade and clean activities.
[[0;32m  OK  [0m] Reached target Timers.
         Starting Socket activation for snappy daemon.
[[0;32m  OK  [0m] Reached target Network is Online.
[   23.100541] cloud-init[933]: ci-info: +-------+-------------+----------+---------------+-----------+-------+
[   23.160975] cloud-init[933]: Generating public/private rsa key pair.
         Starting iSCSI initiator daemon (iscsid)...
[[0;32m  OK  [0m] Listening on LXD - unix socket.
[[0;32m  OK  [0m] Listening on Socket activation for snappy daemon.
[   23.174751] cloud-init[933]: Your identification has been saved in /etc/ssh/ssh_host_rsa_key.
[   23.232027] cloud-init[933]: Your public key has been saved in /etc/ssh/ssh_host_rsa_key.pub.
[   23.239668] cloud-init[933]: The key fingerprint is:
[   23.248507] cloud-init[933]: SHA256:SlZCb3i0p3bsADuctI8r/K+j5y24YwEcYpy0XiyUxXQ root@ubuntu-xenial
[   23.257067] cloud-init[933]: The key's randomart image is:
[   23.263992] cloud-init[933]: +---[RSA 2048]----+
[   23.268993] cloud-init[933]: |oo*o E. .        |
[   23.275720] [[0;32m  OK  [0m] Reached target Sockets.
[[0;32m  OK  [0m] Reached target Basic System.
cloud-init[933]: |o=+... + .       |
[   23.302489]          cloud-initStarting LSB: Record successful boot for GRUB...[933]: 
|.= +  = * .      |
[   23.332543] [cloud-init[0;32m  OK  [0m[933]: ] |. =  o X +       |Started Regular background program processing daemon.

[   23.333054] cloud-init[933]: | . .  O S o      |
[   23.390165]          cloud-initStarting Login Service...[933]: 
|    .o * +       |
[   23.405514] [cloud-init[0;32m  OK  [0m[933]: ] |   . oo . .      |Started FUSE filesystem for LXC.

[   23.406007] cloud-init[933]: |    * +o         |
[   23.492359] [cloud-init[0;32m  OK  [0m[933]: ] |   .oO==o        |Started ACPI event daemon.

[   23.492886] cloud-init[933]: +----[SHA256]-----+
[   23.576304]          cloud-initStarting LSB: MD monitoring daemon...[933]: 
Generating public/private dsa key pair.
[   23.616302]          cloud-initStarting LXD - container startup/shutdown...[933]: 
Your identification has been saved in /etc/ssh/ssh_host_dsa_key.
[   23.652601]          Starting System Logging Service...
cloud-init[933]: Your public key has been saved in /etc/ssh/ssh_host_dsa_key.pub.
[   23.680472] cloud-init[933]: The key fingerprint is:
[   23.700917] cloud-init[933]: SHA256:oCkhClaziHJUpZG4Ca7nrZ5YrWt8A2+70Foabv3mzBo root@ubuntu-xenial
         Starting Apply the settings specified in cloud-config...
[   23.731940] cloud-init[933]: The key's randomart image is:
         Starting Accounts Service...
[[0;32m  OK  [0m] Started Deferred execution scheduler.
[   23.774752] cloud-init[933]: +---[DSA 1024]----+
         Starting Snappy daemon...
[[0;32m  OK  [0m] Started Unattended Upgrades Shutdown.
[   23.846654] cloud-init[933]: |  .=oo.          |
[   23.884109] cloud-init[933]: |o.+ +o           |
[   23.900155] cloud-init[933]: |*+o+. .          |
         Starting /etc/rc.local Compatibility...
[[0;32m  OK  [0m] Started D-Bus System Message Bus.
[   23.916322] cloud-init[933]: |=+o. o .         |
         Starting Pollinate to seed the pseudo random number generator...
[[0;32m  OK  [0m] Started System Logging Service.
[[0;32m  OK  [0m] Started Snappy daemon.
[[0;32m  OK  [0m] Started iSCSI initiator daemon (iscsid).
[[0;32m  OK  [0m] Started LXD - container startup/shutdown.
[[0;32m  OK  [0m] Started /etc/rc.local Compatibility.
[   23.970748] cloud-init[933]: |o . o   S        |
[   24.185425] cloud-init[933]: |. o+             |
[   24.195256] cloud-init[933]: | ++=E            |
[   24.203147] cloud-init[933]: | +=OB+.          |
[   24.215714] cloud-init[933]: |.+X=+O=          |
[   24.232431] [cloud-init[0;32m  OK  [0m[933]: ] +----[SHA256]-----+Started LSB: Record successful boot for GRUB.

[   24.232823] [cloud-init[0;32m  OK  [0m[933]: ] Generating public/private ecdsa key pair.Started LSB: MD monitoring daemon.

[   24.265167] cloud-init[933]: Your identification has been saved in /etc/ssh/ssh_host_ecdsa_key.
[   24.304882] [[0;32m  OK  [0m] Started Login Service.
cloud-init[933]: Your public key has been saved in /etc/ssh/ssh_host_ecdsa_key.pub.
[   24.338424]          cloud-initStarting Authenticate and Authorize Users to Run Privileged Tasks...[933]: 
The key fingerprint is:
         Starting Login to default iSCSI targets...
[   24.365697] cloud-init[933]: SHA256:4//lXsA6d4kKTlpX44c4aqAypYSDiphAtlONhM6aW+E root@ubuntu-xenial
[   24.388631] [cloud-init[0;32m  OK  [0m[933]: ] The key's randomart image is:Started Pollinate to seed the pseudo random number generator.

[   24.406300] cloud-init[933]: +---[ECDSA 256]---+
[   24.422105] cloud-init[933]: |  .              |
[   24.423387] cloud-init[933]: | . .             |
[   24.423480] cloud-init[933]: |o . o            |
[   24.423567] cloud-init[933]: | =.o .       .   |
[   24.423653] cloud-init[933]: |=o+.    S    oo  |
[   24.423738] cloud-init[933]: |==E. . o .  +.+..|
[   24.423822] cloud-init[933]: |=++ o . o+ +o+ooo|
[   24.423905] cloud-init[933]: |*  + .  =o+ o=.o |
[   24.423995] cloud-init[933]: |    o  ..o.o..o  |
[   24.424083] cloud-init[933]: +----[SHA256]-----+
[   24.424165] cloud-init[933]: Generating public/private ed25519 key pair.
[   24.424250] cloud-init[933]: Your identification has been saved in /etc/ssh/ssh_host_ed25519_key.
[   24.424334] cloud-init[933]: Your public key has been saved in /etc/ssh/ssh_host_ed25519_key.pub.
[   24.424417] cloud-init[933]: The key fingerprint is:
[   24.424538] cloud-init[933]: SHA256:641jgUBFtyXcdtTm7CanUG0rW8uaiFtKtmvZ4ZN/zc8 root@ubuntu-xenial
[   24.424623] cloud-init[933]: The key's randomart image is:
[   24.424707] cloud-init[933]: +--[ED25519 256]--+
[   24.424793] cloud-init[933]: |     oo.o.....   |
[   24.424875] cloud-init[933]: |    .  ..+o . o  |
[   24.424959] cloud-init[933]: |   .    .. . =   |
[   24.425045] cloud-init[933]: |    .       . =  |
[   24.425129] cloud-init[933]: |     . .S  . o . |
[   24.425212] cloud-init[933]: |      . ..o o *  |
[   24.425294] cloud-init[933]: |        +=.+ X + |
[   24.425378] cloud-init[933]: |       +=B=.o.+.o|
[   24.425772] cloud-init[933]: |       oO+oo+o  E|
[   24.425861] cloud-init[933]: +----[SHA256]-----+
         Starting OpenBSD Secure Shell server...
[[0;32m  OK  [0m] Started OpenBSD Secure Shell server.
[   24.431975] cloud-init[1067]: Generating locales (this might take a while)...
[[0;32m  OK  [0m] Started Authenticate and Authorize Users to Run Privileged Tasks.
[[0;32m  OK  [0m] Started Login to default iSCSI targets.
[[0;32m  OK  [0m] Started Accounts Service.
[[0;32m  OK  [0m] Reached target Remote File Systems (Pre).
[[0;32m  OK  [0m] Reached target Remote File Systems.
[   25.385087] cloud-init[1067]:   en_US.UTF-8... done
         Starting LSB: daemon to balance interrupts for SMP systems...
[   25.439136] cloud-init[1067]: Generation complete.
         Starting LSB: Set the CPU Frequency Scaling governor to "ondemand"...
         Starting LSB: VirtualBox Linux Additions...
         Starting LSB: automatic crash report generation...
         Starting Permit User Sessions...
[[0;32m  OK  [0m] Started Permit User Sessions.
[[0;32m  OK  [0m] Started LSB: Set the CPU Frequency Scaling governor to "ondemand".
         Starting Hold until boot process finishes up...
         Starting Terminate Plymouth Boot Screen...
[[0;32m  OK  [0m] Started LSB: daemon to balance interrupts for SMP systems.
[[0;32m  OK  [0m] Started LSB: automatic crash report generation.
[[0;32m  OK  [0m] Started Hold until boot process finishes up.
[[0;32m  OK  [0m] Started Terminate Plymouth Boot Screen.
         Starting Set console scheme...
[[0;32m  OK  [0m] Started Serial Getty on ttyS0.
[[0;32m  OK  [0m] Started Getty on tty1.
[[0;32m  OK  [0m] Reached target Login Prompts.
[[0;32m  OK  [0m] Started LSB: VirtualBox Linux Additions.
[[0;32m  OK  [0m] Started Apply the settings specified in cloud-config.
[[0;32m  OK  [0m] Started Set console scheme.
[   26.101341] cloud-init[1067]: Cloud-init v. 17.2 running 'modules:config' at Thu, 22 Mar 2018 10:48:21 +0000. Up 23.99 seconds.
[[0;32m  OK  [0m] Reached target Multi-User System.
         Starting Execute cloud user/final scripts...
[[0;32m  OK  [0m] Reached target Graphical Interface.
         Starting Update UTMP about System Runlevel Changes...
[[0;32m  OK  [0m] Started Update UTMP about System Runlevel Changes.
ci-info: no authorized ssh keys fingerprints found for user ubuntu.
<14>Mar 22 10:48:24 ec2: 
<14>Mar 22 10:48:24 ec2: #############################################################
<14>Mar 22 10:48:24 ec2: -----BEGIN SSH HOST KEY FINGERPRINTS-----
<14>Mar 22 10:48:24 ec2: 1024 SHA256:oCkhClaziHJUpZG4Ca7nrZ5YrWt8A2+70Foabv3mzBo root@ubuntu-xenial (DSA)
<14>Mar 22 10:48:24 ec2: 256 SHA256:4//lXsA6d4kKTlpX44c4aqAypYSDiphAtlONhM6aW+E root@ubuntu-xenial (ECDSA)
<14>Mar 22 10:48:24 ec2: 256 SHA256:641jgUBFtyXcdtTm7CanUG0rW8uaiFtKtmvZ4ZN/zc8 root@ubuntu-xenial (ED25519)
<14>Mar 22 10:48:24 ec2: 2048 SHA256:SlZCb3i0p3bsADuctI8r/K+j5y24YwEcYpy0XiyUxXQ root@ubuntu-xenial (RSA)
<14>Mar 22 10:48:24 ec2: -----END SSH HOST KEY FINGERPRINTS-----
<14>Mar 22 10:48:24 ec2: #############################################################
-----BEGIN SSH HOST KEY KEYS-----
ecdsa-sha2-nistp256 AAAAE2VjZHNhLXNoYTItbmlzdHAyNTYAAAAIbmlzdHAyNTYAAABBBNgWj++aW7BLZvstyQkRJLvOaUD7EWGAz8zM+iCj081EtvszR3cUJctfQucg9ecDItdH5SqS899cvAvOztOXSsk= root@ubuntu-xenial
ssh-ed25519 AAAAC3NzaC1lZDI1NTE5AAAAICS7/t1ibwBB+Ef39chygfjQN4poCEQi79nGZUP886EM root@ubuntu-xenial
ssh-rsa AAAAB3NzaC1yc2EAAAADAQABAAABAQDXCZgsx+Yqa57ja/my6bljDYL7jNB5enyg0hghDWiCtCNqDOIFZ2f+wT/JuPxkAkriOLKlPEYc2wFKGhcZ1y5ZIgju5Lo0mDmwc5DHb87SnhQZysVmMBBRy0n8wmpIdDT9MBwuF1EihAj//WoTQ0RyqzVSOcNsX0Wv2MyHnvdnxYPOE4U5hw3p6cTkH+Avfcm43NaF1vMX8kIHDHv6iT4O9KF4g8JlT1xsuSSNF7Y9BSN8Ib0FJiW2ZZNnuQf3XqSjLNqvLNL1nSBM1ZsBJmiNAZpb0/PYF2oRZPzqA65m7BU3ztMw7k+6GK5Qs5PWA/wDxrE1neQtdXe8JTIq5f7t root@ubuntu-xenial
-----END SSH HOST KEY KEYS-----
[[0;32m  OK  [0m] Created slice User Slice of vagrant.
[   27.484282] cloud-init[1282]: Cloud-init v. 17.2 running 'modules:final' at Thu, 22 Mar 2018 10:48:23 +0000. Up 26.56 seconds.
[   27.563631] cloud-init[1282]: ci-info: no authorized ssh keys fingerprints found for user ubuntu.
[   27.563910] cloud-init[1282]: Cloud-init v. 17.2 finished at Thu, 22 Mar 2018 10:48:24 +0000. Datasource DataSourceNoCloud [seed=/dev/sdb][dsmode=net].  Up 27.46 seconds
         Starting User Manager for UID 1000...
[[0;32m  OK  [0m] Started User Manager for UID 1000.
[[0;32m  OK  [0m] Started Execute cloud user/final scripts.
[[0;32m  OK  [0m] Started Session 1 of user vagrant.
[[0;32m  OK  [0m] Reached target Cloud-init target.

Ubuntu 16.04.4 LTS ubuntu-xenial ttyS0

ubuntu-xenial login: 